<?xml version="1.0" encoding="UTF-8"?><testsuite errors="0" failures="0" name="com.localhost.playgroundinfo.StoresCRUDSTest" skipped="0" tests="4" time="0.22" timestamp="2022-06-06T21:41:27.767+01:00[Europe/London]"><testcase classname="com.localhost.playgroundinfo.StoresCRUDSTest" name="This will create a New Store"/><testcase classname="com.localhost.playgroundinfo.StoresCRUDSTest" name="Verify if the Product was added to the application"/><testcase classname="com.localhost.playgroundinfo.StoresCRUDSTest" name="Update the product information"/><testcase classname="com.localhost.playgroundinfo.StoresCRUDSTest" name="Delete the product by ID"/></testsuite>