<?xml version="1.0" encoding="UTF-8"?><testsuite errors="0" failures="0" name="com.localhost.playgroundinfo.CategoriesCRUDTest" skipped="0" tests="4" time="4.92" timestamp="2022-06-06T21:41:20.743+01:00[Europe/London]"><testcase classname="com.localhost.playgroundinfo.CategoriesCRUDTest" name="This will create a New Category"/><testcase classname="com.localhost.playgroundinfo.CategoriesCRUDTest" name="Verify if the Category was added to the application"/><testcase classname="com.localhost.playgroundinfo.CategoriesCRUDTest" name="Update the Category information"/><testcase classname="com.localhost.playgroundinfo.CategoriesCRUDTest" name="Delete the product by ID"/></testsuite>