<?xml version="1.0" encoding="UTF-8"?><testsuite errors="0" failures="0" name="com.localhost.playgroundinfo.ProductsCRUDTest" skipped="0" tests="4" time="0.27" timestamp="2022-06-06T21:41:27.057+01:00[Europe/London]"><testcase classname="com.localhost.playgroundinfo.ProductsCRUDTest" name="This will create a New product"/><testcase classname="com.localhost.playgroundinfo.ProductsCRUDTest" name="Verify if the Product was added to the application"/><testcase classname="com.localhost.playgroundinfo.ProductsCRUDTest" name="Update the product information"/><testcase classname="com.localhost.playgroundinfo.ProductsCRUDTest" name="Delete the product by ID"/></testsuite>